101 AURA         01/01/2021 00:00:00.000 01/01/2021 00:00:00.000  1 3 2   7086.251976      0.001006     98.116000    306.606000    107.909000     82.523000 101
102 METOP-A      01/01/2020 00:00:00.000 01/01/2020 00:00:00.000  1 3 2   7187.445344      0.000551     98.642000     53.075000    213.048000    224.582000 102
103 SMAP         01/01/2021 00:00:00.000 01/01/2021 00:00:00.000  1 3 2   7061.946844      0.001503     98.141000     10.335000    101.883000    289.538000 103
104 LRO          01/01/2023 00:00:00.000 01/01/2023 00:00:00.000  2 3 2   1831.457000      0.011700     60.754000    170.212000    255.945000     23.821000 104
105 AIM          01/01/2021 00:00:00.000 01/01/2021 00:00:00.000  1 3 2   6890.055175      0.003378     97.778000    256.633000     77.788000    185.209000 105
106 ICESAT-2     01/01/2021 00:00:00.000 01/01/2021 00:00:00.000  1 3 2   6852.661027      0.001267     92.110000    114.345000     35.680000     89.299000 106
109 SWIFT        01/01/2021 00:00:00.000 01/01/2021 00:00:00.000  1 3 2   6935.967871      0.000423     20.677000     81.601000    103.690000    106.529000 109
114 SDO          01/01/2021 00:00:00.000 01/01/2021 00:00:00.000  1 3 2  42165.704085      0.000068     30.791000    117.586000    104.178000    137.069000 114
115 BurstCube    03/01/2022 00:00:00.000 03/01/2022 00:00:00.000  1 3 2   6778.137000      0.000900     51.576000    140.569000     53.091000    151.979000 115
116 GTOSat       01/01/2020 00:00:00.000 01/01/2020 00:00:00.000  1 3 2  24360.000000      0.730630      5.002000      1.116300    358.744000    180.000000 116
117 petitSat     03/01/2022 00:00:00.000 03/01/2022 00:00:00.000  1 3 2   6778.137000      0.000900     51.576000    140.569000     53.091000     31.979000 117
118 TeamMiles    01/01/2020 00:00:00.000 01/01/2020 00:00:00.000  1 3 2  42165.525757      0.000054      0.162000     92.533000    261.826000     30.312000 118
119 DIONE        01/01/2020 00:00:00.000 01/01/2020 00:00:00.000  1 3 2   6878.137000      0.000100     82.108000     79.994000      0.000000    200.086000 119
121 OCO-2        01/01/2021 00:00:00.000 01/01/2021 00:00:00.000  1 3 2   7071.516225      0.002450     98.121000     30.454600     69.234000    177.193000 121
122 METOP-B      01/01/2021 00:00:00.000 01/01/2021 00:00:00.000  1 3 2   7188.609314      0.000839     98.812000     63.170000    182.527000    248.347000 122
123 METOP-C      01/01/2020 00:00:00.000 01/01/2020 00:00:00.000  1 3 2   7187.445344      0.000551     98.642000     53.075000    213.048000    224.582000 123
124 NUSTAR       01/01/2021 00:00:00.000 01/01/2021 00:00:00.000  1 3 2   6987.283395      0.000402      5.915000    273.787000    326.507000     53.045000 124
125 ACE          01/01/2023 00:00:00.000 01/01/2023 00:00:00.000  1 4 1 -1346653.977000 134354.036000 -724594.085000      9.799000     97.983000     -0.025000 125
126 STARLING     01/01/2020 00:00:00.000 01/01/2020 00:00:00.000  1 3 2   7007.419650      0.001222     97.859936     25.999104     66.538258    293.450177 126
128 NISAR        12/15/2022 00:00:00.000 12/15/2022 00:00:00.000  1 3 2   7127.794800      0.000100     98.404000    173.365000     47.138000     95.442000 128
129 ASTRO-3      01/01/2016 00:00:00.000 01/01/2016 00:00:00.000  1 3 2   7056.371027      0.002359     98.208000     84.564000     84.379000    249.943000 129
130 ASTRO-2      01/01/2016 00:00:00.000 01/01/2016 00:00:00.000  1 3 2   7056.371027      0.002359     98.208000     84.564000     84.379000     69.943000 130
132 PUNCH-NFI    04/01/2022 00:00:00.000 04/01/2022 00:00:00.000  1 3 2   6952.779300      0.000000     97.554128    279.050875      0.000000    330.000000 132
133 PUNCH-WFI-1  04/01/2022 00:00:00.000 04/01/2022 00:00:00.000  1 3 2   6952.779300      0.000000     97.554128    279.050875      0.000000    330.000000 133
134 STPSat-6     08/01/2021 00:00:00.000 08/01/2021 00:00:00.000  1 3 2  42166.258668      0.000100      0.000000      0.000000     90.238000    107.208000 134
135 PUNCH-WFI-2  04/01/2022 00:00:00.000 04/01/2022 00:00:00.000  1 3 2   6952.779300      0.000000     97.554128    279.050875      0.000000    330.000000 135
136 PUNCH-WFI-3  04/01/2022 00:00:00.000 04/01/2022 00:00:00.000  1 3 2   6952.779300      0.000000     97.554128    279.050875      0.000000    330.000000 136
137 DSCOVR       01/01/2023 00:00:00.000 01/01/2023 00:00:00.000  1 4 1 -1346653.977000 134354.036000 -724594.085000      9.799000     97.983000     -0.025000 137
138 GRACE-FO1    01/01/2021 00:00:00.000 01/01/2021 00:00:00.000  1 3 2   6873.848828      0.001374     89.093000    110.768000    190.538000    142.151000 138
139 GRACE-FO2    01/01/2021 00:00:00.000 01/01/2021 00:00:00.000  1 3 2   6873.422947      0.001421     89.093000    110.771000    188.546000    142.605000 139
140 EX-1         01/01/2016 00:00:00.000 01/01/2016 00:00:00.000  1 3 2   6917.783033      0.001184     97.983000    150.896000    110.485000     93.856000 140
151 ICON         01/01/2021 00:00:00.000 01/01/2021 00:00:00.000  1 3 2   6972.990103      0.001264     26.966000    184.136000    356.713000    105.886000 151
152 IXPE         04/01/2021 00:00:00.000 04/01/2021 00:00:00.000  1 3 2   6918.200000      0.000100      0.000100      0.000000      0.000000      0.000000 152
153 MMS          01/01/2021 00:00:00.000 01/01/2021 00:00:00.000  1 3 2  97375.932607      0.849183     32.359000    118.710000     26.696000    251.288000 153
154 OSAM-1       12/01/2016 00:00:00.000 12/01/2016 00:00:00.000  1 3 2   7069.974641      0.002591     98.269000     43.762000    104.197000    181.616000 154
155 RPM          01/01/2016 00:00:00.000 01/01/2016 00:00:00.000  2 3 2   1850.604880      0.038116    106.755000    319.362000     32.057000    268.471000 155
156 LANDSAT-8    01/01/2021 00:00:00.000 01/01/2021 00:00:00.000  1 3 2   7083.794806      0.000834     98.312000     73.751000     86.585000    117.448000 156
158 SNOOPI       03/01/2022 00:00:00.000 03/01/2022 00:00:00.000  1 3 2   6778.137000      0.000900     51.576000    140.569000     53.091000     91.979000 158
159 IRIS         01/01/2021 00:00:00.000 01/01/2021 00:00:00.000  1 3 2   7002.773055      0.002102     97.949000    186.726000    296.249000    127.044000 159
168 GPM_CORE     01/01/2021 00:00:00.000 01/01/2021 00:00:00.000  1 3 2   6768.983966      0.001298     64.950000    199.392000     90.356000    183.696000 168
170 LANDSAT-9    12/01/2016 00:00:00.000 12/01/2016 00:00:00.000  1 3 2   7069.974641      0.002591     98.269000     43.762000    104.197000    181.616000 170
171 SCISAT-1     01/01/2021 00:00:00.000 01/01/2021 00:00:00.000  1 3 2   7021.531052      0.000979     73.990000    154.787000      6.395000    342.243000 171
172 CYGNUS       04/01/2022 00:00:00.000 04/01/2022 00:00:00.000  1 3 2   6794.960773      0.000604     51.637000    355.230000     81.821000    138.430000 172
173 TRACERS-1    11/01/2022 00:00:00.000 11/01/2022 00:00:00.000  1 3 2   6897.490000      0.000100     97.481000     17.459000      0.000000      3.550000 173
174 TRACERS-2    11/01/2022 00:00:00.000 11/01/2022 00:00:00.000  1 3 2   6897.565000      0.000100     97.481000     17.459000    360.000000    359.879000 174
175 TDRS         01/01/2021 00:00:00.000 01/01/2021 00:00:00.000  1 3 2  42167.471045      0.000071      4.395000    341.396000    253.343000    184.784000 175
176 HST          01/01/2021 00:00:00.000 01/01/2021 00:00:00.000  1 3 2   6921.291041      0.000015     28.595000     92.662000    120.401000     32.944000 176
177 ISS          01/01/2021 00:00:00.000 01/01/2021 00:00:00.000  1 3 2   6795.650525      0.001024     51.755000     89.444000     11.376500     30.075000 177
178 SOLAR-B      01/01/2021 00:00:00.000 01/01/2021 00:00:00.000  1 3 2   7058.876440      0.002512     98.184000     16.926000     99.384000    240.486000 178
179 LANDSAT-7    01/01/2021 00:00:00.000 01/01/2021 00:00:00.000  1 3 2   7086.583428      0.001297     98.156000     63.306000    107.785000     68.299000 179
180 THEMIS_A     01/01/2022 00:00:00.000 01/01/2022 00:00:00.000  1 3 2  46054.825040      0.843148     16.219000     30.992000     66.426000    114.350000 180
181 THEMIS_B     01/01/2023 00:00:00.000 01/01/2023 00:00:00.000  2 3 2   9946.000000      0.810900    128.749000    172.674000    275.601000    137.293000 181
182 THEMIS_C     01/01/2023 00:00:00.000 01/01/2023 00:00:00.000  2 3 2  10499.200000      0.770200     48.275000     22.526000     46.645000    238.716000 182
183 THEMIS_D     01/01/2022 00:00:00.000 01/01/2022 00:00:00.000  1 3 2  46054.151402      0.840325     13.791000     14.702000     84.397000    119.306000 183
184 THEMIS_E     01/01/2022 00:00:00.000 01/01/2022 00:00:00.000  1 3 2  46052.292757      0.839686     13.327000     26.224000     75.714000    101.618000 184
185 SOYUZ        04/01/2022 00:00:00.000 04/01/2022 00:00:00.000  1 3 2   6794.960773      0.000604     51.637000    355.230000     81.821000     13.843000 185
186 GOES         01/01/2021 00:00:00.000 01/01/2021 00:00:00.000  1 3 2  42165.316372      0.000159      0.123000     83.539000    237.749000     64.105000 186
187 FGST         01/01/2021 00:00:00.000 01/01/2021 00:00:00.000  1 3 2   6913.022739      0.002276     25.539000    194.531000    107.661000    327.060000 187
188 TERRA        01/01/2021 00:00:00.000 01/01/2021 00:00:00.000  1 3 2   7080.252010      0.001155     98.307000     78.077000    116.900000    206.188000 188
190 XRISM        02/21/2022 12:50:46.000 03/15/2022 00:00:00.000  1 3 2   6944.391984      0.000753     29.876408     18.711888    295.348673    187.916159 190
191 COBE         01/01/2021 00:00:00.000 01/01/2021 00:00:00.000  1 3 2   7245.403679      0.001775     98.937000     16.541000    122.185000    167.370000 191
195 SEAHAWK-1    01/01/2021 00:00:00.000 01/01/2021 00:00:00.000  1 3 2   6963.687001      0.001001     97.788000     74.645000    158.551000      9.341000 195
196 SEAHAWK-2    01/01/2020 00:00:00.000 01/01/2020 00:00:00.000  1 3 2   6962.222071      0.001777     97.823000     75.004000     52.403000    283.799000 196